TN:
SF:src/Lesson2/Homework2.sol
FN:35,Homework2.deleteItems
FNDA:5,Homework2.deleteItems
DA:36,5
BRDA:36,0,0,2
BRDA:36,0,1,3
DA:37,2
DA:40,3
DA:41,3
DA:42,3
FN:51,Homework2.deleteOrderedItems
FNDA:5,Homework2.deleteOrderedItems
DA:52,5
BRDA:52,1,0,2
BRDA:52,1,1,3
DA:53,2
DA:56,3
DA:57,3
DA:58,13
DA:60,13
DA:63,3
DA:64,3
FN:71,Homework2.getArray
FNDA:10,Homework2.getArray
DA:72,10
FNF:3
FNH:3
LF:14
LH:14
BRF:4
BRH:4
end_of_record
TN:
SF:src/Lesson3/Homework3.1.sol
FN:9,Homework3.changeNum
FNDA:0,Homework3.changeNum
DA:10,0
FNF:1
FNH:0
LF:1
LH:0
BRF:0
BRH:0
end_of_record
TN:
SF:src/Lesson3/Homework3.sol
FN:10,Homework3.changeArray
FNDA:0,Homework3.changeArray
DA:11,0
FNF:1
FNH:0
LF:1
LH:0
BRF:0
BRH:0
end_of_record
TN:
SF:src/Lesson4/OptimizedStore.sol
FN:37,OptimizedStore.setNumber
FNDA:0,OptimizedStore.setNumber
DA:38,0
FN:41,OptimizedStore.increment
FNDA:0,OptimizedStore.increment
DA:42,0
FNF:2
FNH:0
LF:2
LH:0
BRF:0
BRH:0
end_of_record
TN:
SF:src/Lesson4/Store.sol
FN:32,Store.setNumber
FNDA:0,Store.setNumber
DA:33,0
FN:36,Store.increment
FNDA:0,Store.increment
DA:37,0
FNF:2
FNH:0
LF:2
LH:0
BRF:0
BRH:0
end_of_record
TN:
SF:src/Lesson5/Assembly1.sol
FN:5,Intro.intro
FNDA:0,Intro.intro
DA:6,0
FNF:1
FNH:0
LF:1
LH:0
BRF:0
BRH:0
end_of_record
TN:
SF:src/Lesson5/Assembly2.sol
FN:5,Add.addAssembly
FNDA:0,Add.addAssembly
FNF:1
FNH:0
LF:0
LH:0
BRF:0
BRH:0
end_of_record
TN:
SF:src/Lesson5/Assembly3.sol
FN:7,SubOverflow.subtract
FNDA:0,SubOverflow.subtract
DA:13,0
DA:14,0
BRDA:14,0,0,-
DA:20,0
BRDA:20,1,0,-
FNF:1
FNH:0
LF:3
LH:0
BRF:2
BRH:0
end_of_record
TN:
SF:src/Lesson5/Assembly4.sol
FN:8,Scope.increment
FNDA:0,Scope.increment
FNF:1
FNH:0
LF:0
LH:0
BRF:0
BRH:0
end_of_record
TN:
SF:src/Lesson5/Homework5YUL.sol
FN:10,Homework5.addition
FNDA:0,Homework5.addition
FNF:1
FNH:0
LF:0
LH:0
BRF:0
BRH:0
end_of_record
TN:
SF:src/Lesson6/Lesson6.sol
FN:10,Assembly.getEthAmount
FNDA:0,Assembly.getEthAmount
DA:12,0
FNF:1
FNH:0
LF:1
LH:0
BRF:0
BRH:0
end_of_record
